Number of iterations: 10
Number of generations: 10

	K	M	O	S
Malaita	0.75000	0.08333	0	0.16667	
Rendova	0.50000	0	0.50000	0	
;
Malaita	0.75000	0.08333	0	0.16667	
Rendova	0.60000	0	0.40000	0	
;
Malaita	0.58333	0.33333	0	0.08333	
Rendova	0.45000	0	0.55000	0	
;
Malaita	0.75000	0.08333	0	0.16667	
Rendova	0.50000	0	0.50000	0	
;
Malaita	0.75000	0.08333	0	0.16667	
Rendova	0.50000	0	0.50000	0	
;
Malaita	0.58333	0.33333	0	0.08333	
Rendova	0.55000	0	0.45000	0	
;
Malaita	0.66667	0.25000	0	0.08333	
Rendova	0.35000	0	0.65000	0	
;
Malaita	0.66667	0.33333	0	0.00000	
Rendova	0.65000	0	0.35000	0	
;
Malaita	0.58333	0.41667	0	0.00000	
Rendova	0.70000	0	0.30000	0	
;
Malaita	0.75000	0.25000	0	0.00000	
Rendova	0.65000	0	0.35000	0	
;
